<?xml version="1.0" encoding="UTF-8" ?>
<testsuite tests="28" failures="0" name="com.swcguild.capstoneproject.dao.BlogDaoDbImplTest" time="4.738" errors="0" skipped="0">
  <properties>
    <property name="java.runtime.name" value="Java(TM) SE Runtime Environment"/>
    <property name="sun.boot.library.path" value="/usr/lib/jvm/java-8-oracle/jre/lib/amd64"/>
    <property name="java.vm.version" value="25.66-b17"/>
    <property name="java.vm.vendor" value="Oracle Corporation"/>
    <property name="maven.multiModuleProjectDirectory" value="/home/apprentice/AlexShawnKevin/CapstoneProject"/>
    <property name="java.vendor.url" value="http://java.oracle.com/"/>
    <property name="path.separator" value=":"/>
    <property name="guice.disable.misplaced.annotation.check" value="true"/>
    <property name="java.vm.name" value="Java HotSpot(TM) 64-Bit Server VM"/>
    <property name="file.encoding.pkg" value="sun.io"/>
    <property name="user.country" value="US"/>
    <property name="sun.java.launcher" value="SUN_STANDARD"/>
    <property name="sun.os.patch.level" value="unknown"/>
    <property name="java.vm.specification.name" value="Java Virtual Machine Specification"/>
    <property name="user.dir" value="/home/apprentice/AlexShawnKevin/CapstoneProject"/>
    <property name="java.runtime.version" value="1.8.0_66-b17"/>
    <property name="netbeans.deploy" value="true"/>
    <property name="java.awt.graphicsenv" value="sun.awt.X11GraphicsEnvironment"/>
    <property name="java.endorsed.dirs" value="/usr/lib/jvm/java-8-oracle/jre/lib/endorsed"/>
    <property name="os.arch" value="amd64"/>
    <property name="java.io.tmpdir" value="/tmp"/>
    <property name="line.separator" value="
"/>
    <property name="java.vm.specification.vendor" value="Oracle Corporation"/>
    <property name="os.name" value="Linux"/>
    <property name="maven.ext.class.path" value="/home/apprentice/netbeans-8.0.2/java/maven-nblib/netbeans-eventspy.jar"/>
    <property name="classworlds.conf" value="/home/apprentice/apache-maven-3.3.3/bin/m2.conf"/>
    <property name="sun.jnu.encoding" value="UTF-8"/>
    <property name="java.library.path" value="/usr/lib/jvm/java-8-oracle/jre/lib/amd64:/usr/lib/jvm/java-8-oracle/jre/lib/i386::/usr/java/packages/lib/amd64:/usr/lib64:/lib64:/lib:/usr/lib"/>
    <property name="java.specification.name" value="Java Platform API Specification"/>
    <property name="java.class.version" value="52.0"/>
    <property name="sun.management.compiler" value="HotSpot 64-Bit Tiered Compilers"/>
    <property name="os.version" value="3.19.0-31-generic"/>
    <property name="user.home" value="/home/apprentice"/>
    <property name="user.timezone" value="America/Chicago"/>
    <property name="java.awt.printerjob" value="sun.print.PSPrinterJob"/>
    <property name="java.specification.version" value="1.8"/>
    <property name="file.encoding" value="UTF-8"/>
    <property name="user.name" value="apprentice"/>
    <property name="java.class.path" value="/home/apprentice/apache-maven-3.3.3/boot/plexus-classworlds-2.5.2.jar"/>
    <property name="java.vm.specification.version" value="1.8"/>
    <property name="sun.arch.data.model" value="64"/>
    <property name="java.home" value="/usr/lib/jvm/java-8-oracle/jre"/>
    <property name="sun.java.command" value="org.codehaus.plexus.classworlds.launcher.Launcher -Dnetbeans.deploy=true -Dmaven.ext.class.path=/home/apprentice/netbeans-8.0.2/java/maven-nblib/netbeans-eventspy.jar package"/>
    <property name="java.specification.vendor" value="Oracle Corporation"/>
    <property name="user.language" value="en"/>
    <property name="awt.toolkit" value="sun.awt.X11.XToolkit"/>
    <property name="java.vm.info" value="mixed mode"/>
    <property name="java.version" value="1.8.0_66"/>
    <property name="java.ext.dirs" value="/usr/lib/jvm/java-8-oracle/jre/lib/ext:/usr/java/packages/lib/ext"/>
    <property name="securerandom.source" value="file:/dev/./urandom"/>
    <property name="sun.boot.class.path" value="/usr/lib/jvm/java-8-oracle/jre/lib/resources.jar:/usr/lib/jvm/java-8-oracle/jre/lib/rt.jar:/usr/lib/jvm/java-8-oracle/jre/lib/sunrsasign.jar:/usr/lib/jvm/java-8-oracle/jre/lib/jsse.jar:/usr/lib/jvm/java-8-oracle/jre/lib/jce.jar:/usr/lib/jvm/java-8-oracle/jre/lib/charsets.jar:/usr/lib/jvm/java-8-oracle/jre/lib/jfr.jar:/usr/lib/jvm/java-8-oracle/jre/classes"/>
    <property name="java.vendor" value="Oracle Corporation"/>
    <property name="maven.home" value="/home/apprentice/apache-maven-3.3.3"/>
    <property name="file.separator" value="/"/>
    <property name="java.vendor.url.bug" value="http://bugreport.sun.com/bugreport/"/>
    <property name="sun.cpu.endian" value="little"/>
    <property name="sun.io.unicode.encoding" value="UnicodeLittle"/>
    <property name="sun.desktop" value="gnome"/>
    <property name="sun.cpu.isalist" value=""/>
  </properties>
  <testcase classname="com.swcguild.capstoneproject.dao.BlogDaoDbImplTest" name="testGetPostById" time="1.586"/>
  <testcase classname="com.swcguild.capstoneproject.dao.BlogDaoDbImplTest" name="testPublishPinPost" time="0.099"/>
  <testcase classname="com.swcguild.capstoneproject.dao.BlogDaoDbImplTest" name="testMakeNewUser" time="0.127"/>
  <testcase classname="com.swcguild.capstoneproject.dao.BlogDaoDbImplTest" name="testRemovePinPost" time="0.246"/>
  <testcase classname="com.swcguild.capstoneproject.dao.BlogDaoDbImplTest" name="testAddPost" time="0.142"/>
  <testcase classname="com.swcguild.capstoneproject.dao.BlogDaoDbImplTest" name="testPublishPost" time="0.138"/>
  <testcase classname="com.swcguild.capstoneproject.dao.BlogDaoDbImplTest" name="testGetAllPosts" time="0.087"/>
  <testcase classname="com.swcguild.capstoneproject.dao.BlogDaoDbImplTest" name="testGetAllUsers" time="0.091"/>
  <testcase classname="com.swcguild.capstoneproject.dao.BlogDaoDbImplTest" name="testUpdatePost" time="0.117"/>
  <testcase classname="com.swcguild.capstoneproject.dao.BlogDaoDbImplTest" name="testUpdateUser" time="0.082"/>
  <testcase classname="com.swcguild.capstoneproject.dao.BlogDaoDbImplTest" name="testGetActivePinPosts" time="0.128"/>
  <testcase classname="com.swcguild.capstoneproject.dao.BlogDaoDbImplTest" name="testRemoveAuthority" time="0.1"/>
  <testcase classname="com.swcguild.capstoneproject.dao.BlogDaoDbImplTest" name="testGetPinPostById" time="0.095"/>
  <testcase classname="com.swcguild.capstoneproject.dao.BlogDaoDbImplTest" name="testMakeNewAuthority" time="0.061"/>
  <testcase classname="com.swcguild.capstoneproject.dao.BlogDaoDbImplTest" name="testGetActiveTags" time="0.122"/>
  <testcase classname="com.swcguild.capstoneproject.dao.BlogDaoDbImplTest" name="testGetAllTags" time="0.08"/>
  <testcase classname="com.swcguild.capstoneproject.dao.BlogDaoDbImplTest" name="testUpdatePinPost" time="0.072"/>
  <testcase classname="com.swcguild.capstoneproject.dao.BlogDaoDbImplTest" name="testGetAllPostObjects" time="0.085"/>
  <testcase classname="com.swcguild.capstoneproject.dao.BlogDaoDbImplTest" name="testGetAuthoritiesByUsername" time="0.136"/>
  <testcase classname="com.swcguild.capstoneproject.dao.BlogDaoDbImplTest" name="testRemovePost" time="0.128"/>
  <testcase classname="com.swcguild.capstoneproject.dao.BlogDaoDbImplTest" name="testRemoveUser" time="0.086"/>
  <testcase classname="com.swcguild.capstoneproject.dao.BlogDaoDbImplTest" name="testAddPinPost" time="0.307"/>
  <testcase classname="com.swcguild.capstoneproject.dao.BlogDaoDbImplTest" name="testGetTagsById" time="0.082"/>
  <testcase classname="com.swcguild.capstoneproject.dao.BlogDaoDbImplTest" name="testGetUserById" time="0.186"/>
  <testcase classname="com.swcguild.capstoneproject.dao.BlogDaoDbImplTest" name="testGetActivePosts" time="0.111"/>
  <testcase classname="com.swcguild.capstoneproject.dao.BlogDaoDbImplTest" name="testGetAllAuthorities" time="0.083"/>
  <testcase classname="com.swcguild.capstoneproject.dao.BlogDaoDbImplTest" name="testGetSearchPosts" time="0.093"/>
  <testcase classname="com.swcguild.capstoneproject.dao.BlogDaoDbImplTest" name="testGetAllPinPosts" time="0.068"/>
</testsuite>